<?xml version="1.0" encoding="UTF-8"?>
<!-- Generated by org.testng.reporters.JUnitXMLReporter -->
<testsuite ignored="0" hostname="DESKTOP-9RG7NDH" failures="0" tests="6" name="Default test" time="12.86" errors="0" timestamp="2024-05-22T11:01:38 IST">
  <testcase classname="api.testcases.UserTestDDT" name="testCreateUser" time="4.441"/>
  <testcase classname="api.testcases.UserTestDDT" name="testCreateUser" time="1.201"/>
  <testcase classname="api.testcases.UserTestDDT" name="testCreateUser" time="1.161"/>
  <testcase classname="api.testcases.UserTestDDT" name="testDeleteUser" time="1.175"/>
  <testcase classname="api.testcases.UserTestDDT" name="testDeleteUser" time="1.165"/>
  <testcase classname="api.testcases.UserTestDDT" name="testDeleteUser" time="1.131"/>
</testsuite> <!-- Default test -->
