<?xml version="1.0" encoding="UTF-8"?>
<!-- Generated by org.testng.reporters.JUnitXMLReporter -->
<testsuite ignored="0" hostname="DESKTOP-9RG7NDH" failures="0" tests="4" name="Default test" time="13.049" errors="0" timestamp="2024-05-21T11:03:28 IST">
  <testcase classname="api.testcases.UserTest" name="testCreateUser" time="7.656"/>
  <testcase classname="api.testcases.UserTest" name="testGetUserData" time="1.255"/>
  <testcase classname="api.testcases.UserTest" name="testUpdateUser" time="2.384"/>
  <testcase classname="api.testcases.UserTest" name="testDeleteUser" time="1.193"/>
</testsuite> <!-- Default test -->
