<?xml version="1.0" encoding="UTF-8"?>
<!-- Generated by org.testng.reporters.JUnitXMLReporter -->
<testsuite ignored="0" hostname="DESKTOP-9RG7NDH" failures="0" tests="4" name="Test" time="13.63" errors="0" timestamp="2024-05-24T11:12:58 IST">
  <testcase classname="api.testcases.UserTest" name="testCreateUser" time="5.95"/>
  <testcase classname="api.testcases.UserTest" name="testGetUserData" time="1.229"/>
  <testcase classname="api.testcases.UserTest" name="testUpdateUser" time="2.336"/>
  <testcase classname="api.testcases.UserTest" name="testDeleteUser" time="1.143"/>
</testsuite> <!-- Test -->
