<?xml version="1.0" encoding="UTF-8"?>
<!-- Generated by org.testng.reporters.JUnitXMLReporter -->
<testsuite ignored="0" hostname="DESKTOP-9RG7NDH" failures="0" tests="16" name="Test" time="33.192" errors="0" timestamp="2024-05-23T11:42:37 IST">
  <testcase classname="api.testcases.UserTest" name="testCreateUser" time="7.279"/>
  <testcase classname="api.testcases.UserTest" name="testGetUserData" time="1.549"/>
  <testcase classname="api.testcases.UserTest" name="testUpdateUser" time="2.378"/>
  <testcase classname="api.testcases.UserTest" name="testDeleteUser" time="1.175"/>
  <testcase classname="api.testcases.UserTestDDT" name="testCreateUser" time="1.228"/>
  <testcase classname="api.testcases.UserTestDDT" name="testCreateUser" time="1.164"/>
  <testcase classname="api.testcases.UserTestDDT" name="testCreateUser" time="1.15"/>
  <testcase classname="api.testcases.UserTestDDT" name="testCreateUser" time="1.173"/>
  <testcase classname="api.testcases.UserTestDDT" name="testGetUser" time="1.213"/>
  <testcase classname="api.testcases.UserTestDDT" name="testGetUser" time="1.209"/>
  <testcase classname="api.testcases.UserTestDDT" name="testGetUser" time="1.162"/>
  <testcase classname="api.testcases.UserTestDDT" name="testGetUser" time="1.141"/>
  <testcase classname="api.testcases.UserTestDDT" name="testDeleteUser" time="1.172"/>
  <testcase classname="api.testcases.UserTestDDT" name="testDeleteUser" time="1.163"/>
  <testcase classname="api.testcases.UserTestDDT" name="testDeleteUser" time="1.153"/>
  <testcase classname="api.testcases.UserTestDDT" name="testDeleteUser" time="1.794"/>
</testsuite> <!-- Test -->
