<?xml version="1.0" encoding="UTF-8"?>
<testng-results ignored="0" total="6" passed="6" failed="0" skipped="0">
  <reporter-output>
  </reporter-output>
  <suite started-at="2024-05-22T11:01:26 IST" name="Default suite" finished-at="2024-05-22T11:01:38 IST" duration-ms="12860">
    <groups>
    </groups>
    <test started-at="2024-05-22T11:01:26 IST" name="Default test" finished-at="2024-05-22T11:01:38 IST" duration-ms="12860">
      <class name="api.testcases.UserTestDDT">
        <test-method signature="testCreateUser(java.lang.String,java.lang.String,java.lang.String,java.lang.String,java.lang.String,java.lang.String,java.lang.String)[pri:1, instance:api.testcases.UserTestDDT@2a3b5b47]" started-at="2024-05-22T11:01:28 IST" name="testCreateUser" data-provider="AllData" finished-at="2024-05-22T11:01:32 IST" duration-ms="4441" status="PASS">
          <params>
            <param index="0">
              <value>
                <![CDATA[2020]]>
              </value>
            </param>
            <param index="1">
              <value>
                <![CDATA[user1]]>
              </value>
            </param>
            <param index="2">
              <value>
                <![CDATA[Vinayak]]>
              </value>
            </param>
            <param index="3">
              <value>
                <![CDATA[Solankure]]>
              </value>
            </param>
            <param index="4">
              <value>
                <![CDATA[a@gmail.com]]>
              </value>
            </param>
            <param index="5">
              <value>
                <![CDATA[test@1]]>
              </value>
            </param>
            <param index="6">
              <value>
                <![CDATA[1234567897]]>
              </value>
            </param>
          </params>
          <reporter-output>
          </reporter-output>
        </test-method> <!-- testCreateUser -->
        <test-method signature="testCreateUser(java.lang.String,java.lang.String,java.lang.String,java.lang.String,java.lang.String,java.lang.String,java.lang.String)[pri:1, instance:api.testcases.UserTestDDT@2a3b5b47]" started-at="2024-05-22T11:01:32 IST" name="testCreateUser" data-provider="AllData" finished-at="2024-05-22T11:01:34 IST" duration-ms="1201" status="PASS">
          <params>
            <param index="0">
              <value>
                <![CDATA[2021]]>
              </value>
            </param>
            <param index="1">
              <value>
                <![CDATA[user2]]>
              </value>
            </param>
            <param index="2">
              <value>
                <![CDATA[Shirish]]>
              </value>
            </param>
            <param index="3">
              <value>
                <![CDATA[Mistari]]>
              </value>
            </param>
            <param index="4">
              <value>
                <![CDATA[b@gmail.com]]>
              </value>
            </param>
            <param index="5">
              <value>
                <![CDATA[test@2]]>
              </value>
            </param>
            <param index="6">
              <value>
                <![CDATA[1234567897]]>
              </value>
            </param>
          </params>
          <reporter-output>
          </reporter-output>
        </test-method> <!-- testCreateUser -->
        <test-method signature="testCreateUser(java.lang.String,java.lang.String,java.lang.String,java.lang.String,java.lang.String,java.lang.String,java.lang.String)[pri:1, instance:api.testcases.UserTestDDT@2a3b5b47]" started-at="2024-05-22T11:01:34 IST" name="testCreateUser" data-provider="AllData" finished-at="2024-05-22T11:01:35 IST" duration-ms="1161" status="PASS">
          <params>
            <param index="0">
              <value>
                <![CDATA[2022]]>
              </value>
            </param>
            <param index="1">
              <value>
                <![CDATA[user3]]>
              </value>
            </param>
            <param index="2">
              <value>
                <![CDATA[Sourabh]]>
              </value>
            </param>
            <param index="3">
              <value>
                <![CDATA[Bhalerao]]>
              </value>
            </param>
            <param index="4">
              <value>
                <![CDATA[c@gmail.com]]>
              </value>
            </param>
            <param index="5">
              <value>
                <![CDATA[test@3]]>
              </value>
            </param>
            <param index="6">
              <value>
                <![CDATA[1234567897]]>
              </value>
            </param>
          </params>
          <reporter-output>
          </reporter-output>
        </test-method> <!-- testCreateUser -->
        <test-method signature="testDeleteUser(java.lang.String)[pri:2, instance:api.testcases.UserTestDDT@2a3b5b47]" started-at="2024-05-22T11:01:35 IST" name="testDeleteUser" data-provider="UserNamesData" finished-at="2024-05-22T11:01:36 IST" duration-ms="1175" status="PASS">
          <params>
            <param index="0">
              <value>
                <![CDATA[user1]]>
              </value>
            </param>
          </params>
          <reporter-output>
          </reporter-output>
        </test-method> <!-- testDeleteUser -->
        <test-method signature="testDeleteUser(java.lang.String)[pri:2, instance:api.testcases.UserTestDDT@2a3b5b47]" started-at="2024-05-22T11:01:36 IST" name="testDeleteUser" data-provider="UserNamesData" finished-at="2024-05-22T11:01:37 IST" duration-ms="1165" status="PASS">
          <params>
            <param index="0">
              <value>
                <![CDATA[user2]]>
              </value>
            </param>
          </params>
          <reporter-output>
          </reporter-output>
        </test-method> <!-- testDeleteUser -->
        <test-method signature="testDeleteUser(java.lang.String)[pri:2, instance:api.testcases.UserTestDDT@2a3b5b47]" started-at="2024-05-22T11:01:37 IST" name="testDeleteUser" data-provider="UserNamesData" finished-at="2024-05-22T11:01:38 IST" duration-ms="1131" status="PASS">
          <params>
            <param index="0">
              <value>
                <![CDATA[user3]]>
              </value>
            </param>
          </params>
          <reporter-output>
          </reporter-output>
        </test-method> <!-- testDeleteUser -->
      </class> <!-- api.testcases.UserTestDDT -->
    </test> <!-- Default test -->
  </suite> <!-- Default suite -->
</testng-results>
